#! /usr/bin/vvp
:ivl_version "10.3 (stable)";
:ivl_delay_selection "TYPICAL";
:vpi_time_precision + 0;
:vpi_module "system";
:vpi_module "vhdl_sys";
:vpi_module "v2005_math";
:vpi_module "va_math";
S_0x55e0d45c5cb0 .scope module, "test" "test" 2 11;
 .timescale 0 0;
v0x55e0d45d6260_0 .var "a", 0 0;
v0x55e0d45d6330_0 .var "b", 0 0;
v0x55e0d45d6400_0 .net "y", 0 0, v0x55e0d45d6140_0;  1 drivers
S_0x55e0d45c5e30 .scope module, "beh1" "and_2_beh" 2 17, 2 3 0, S_0x55e0d45c5cb0;
 .timescale 0 0;
    .port_info 0 /INPUT 1 "A"
    .port_info 1 /INPUT 1 "B"
    .port_info 2 /OUTPUT 1 "Y"
v0x55e0d45900a0_0 .net "A", 0 0, v0x55e0d45d6260_0;  1 drivers
v0x55e0d45d6080_0 .net "B", 0 0, v0x55e0d45d6330_0;  1 drivers
v0x55e0d45d6140_0 .var "Y", 0 0;
E_0x55e0d45c62d0 .event edge, v0x55e0d45d6080_0, v0x55e0d45900a0_0;
    .scope S_0x55e0d45c5e30;
T_0 ;
    %wait E_0x55e0d45c62d0;
    %load/vec4 v0x55e0d45900a0_0;
    %load/vec4 v0x55e0d45d6080_0;
    %and;
    %store/vec4 v0x55e0d45d6140_0, 0, 1;
    %jmp T_0;
    .thread T_0, $push;
    .scope S_0x55e0d45c5cb0;
T_1 ;
    %vpi_call 2 21 "$dumpfile", "dump.vcd" {0 0 0};
    %vpi_call 2 22 "$dumpvars", 32'sb00000000000000000000000000000001 {0 0 0};
    %delay 0, 0;
    %pushi/vec4 0, 0, 1;
    %store/vec4 v0x55e0d45d6330_0, 0, 1;
    %pushi/vec4 0, 0, 1;
    %store/vec4 v0x55e0d45d6260_0, 0, 1;
    %delay 10, 0;
    %pushi/vec4 0, 0, 1;
    %store/vec4 v0x55e0d45d6330_0, 0, 1;
    %pushi/vec4 1, 0, 1;
    %store/vec4 v0x55e0d45d6260_0, 0, 1;
    %delay 10, 0;
    %pushi/vec4 1, 0, 1;
    %store/vec4 v0x55e0d45d6330_0, 0, 1;
    %pushi/vec4 0, 0, 1;
    %store/vec4 v0x55e0d45d6260_0, 0, 1;
    %delay 10, 0;
    %pushi/vec4 1, 0, 1;
    %store/vec4 v0x55e0d45d6330_0, 0, 1;
    %pushi/vec4 1, 0, 1;
    %store/vec4 v0x55e0d45d6260_0, 0, 1;
    %delay 10, 0;
    %vpi_call 2 28 "$stop" {0 0 0};
    %vpi_call 2 29 "$finish" {0 0 0};
    %end;
    .thread T_1;
# The file index is used to find the file name in the following table.
:file_names 3;
    "N/A";
    "<interactive>";
    "testbench1.v";
